<?xml version="1.0" encoding="UTF-8"?>
<testng-results skipped="0" failed="2" ignored="0" total="4" passed="2">
  <reporter-output>
  </reporter-output>
  <suite name="Mavenspringmvc" duration-ms="30238" started-at="2017-11-26T05:29:44Z" finished-at="2017-11-26T05:30:14Z">
    <groups>
    </groups>
    <test name="testlogin" duration-ms="17088" started-at="2017-11-26T05:29:44Z" finished-at="2017-11-26T05:30:01Z">
      <class name="com.htc.test.LoginAutomation">
        <test-method status="PASS" signature="initializeDriver()[pri:0, instance:com.htc.test.LoginAutomation@204f30ec]" name="initializeDriver" is-config="true" duration-ms="5008" started-at="2017-11-26T10:59:44Z" finished-at="2017-11-26T10:59:49Z">
          <reporter-output>
          </reporter-output>
        </test-method> <!-- initializeDriver -->
        <test-method status="PASS" signature="testSuccessLoginLogout(java.lang.String, java.lang.String)[pri:0, instance:com.htc.test.LoginAutomation@204f30ec]" name="testSuccessLoginLogout" duration-ms="10148" started-at="2017-11-26T10:59:49Z" data-provider="validLoginData" finished-at="2017-11-26T10:59:59Z">
          <params>
            <param index="0">
              <value>
                <![CDATA[sayooj]]>
              </value>
            </param>
            <param index="1">
              <value>
                <![CDATA[123Welcome]]>
              </value>
            </param>
          </params>
          <reporter-output>
          </reporter-output>
        </test-method> <!-- testSuccessLoginLogout -->
        <test-method status="PASS" signature="testSuccessLoginLogout(java.lang.String, java.lang.String)[pri:0, instance:com.htc.test.LoginAutomation@204f30ec]" name="testSuccessLoginLogout" duration-ms="1820" started-at="2017-11-26T10:59:59Z" data-provider="validLoginData" finished-at="2017-11-26T11:00:01Z">
          <params>
            <param index="0">
              <value>
                <![CDATA[Gopi]]>
              </value>
            </param>
            <param index="1">
              <value>
                <![CDATA[password]]>
              </value>
            </param>
          </params>
          <reporter-output>
          </reporter-output>
        </test-method> <!-- testSuccessLoginLogout -->
        <test-method status="PASS" signature="closedriver()[pri:0, instance:com.htc.test.LoginAutomation@204f30ec]" name="closedriver" is-config="true" duration-ms="11" started-at="2017-11-26T11:00:01Z" finished-at="2017-11-26T11:00:01Z">
          <reporter-output>
          </reporter-output>
        </test-method> <!-- closedriver -->
      </class> <!-- com.htc.test.LoginAutomation -->
    </test> <!-- testlogin -->
    <test name="testregistration" duration-ms="13057" started-at="2017-11-26T05:30:01Z" finished-at="2017-11-26T05:30:14Z">
      <class name="com.htc.test.RegisterAutomation">
        <test-method status="PASS" signature="initializeDriver()[pri:0, instance:com.htc.test.RegisterAutomation@5f2108b5]" name="initializeDriver" is-config="true" duration-ms="615" started-at="2017-11-26T11:00:01Z" finished-at="2017-11-26T11:00:02Z">
          <reporter-output>
          </reporter-output>
        </test-method> <!-- initializeDriver -->
        <test-method status="FAIL" signature="testSuccessLoginLogout(java.lang.String, java.lang.String, java.lang.String, java.lang.String, java.lang.String, java.lang.String, int)[pri:0, instance:com.htc.test.RegisterAutomation@5f2108b5]" name="testSuccessLoginLogout" duration-ms="10003" started-at="2017-11-26T11:00:02Z" data-provider="registeruser" finished-at="2017-11-26T11:00:12Z">
          <params>
            <param index="0">
              <value>
                <![CDATA[jithu]]>
              </value>
            </param>
            <param index="1">
              <value>
                <![CDATA[123Welcome]]>
              </value>
            </param>
            <param index="2">
              <value>
                <![CDATA[jithu]]>
              </value>
            </param>
            <param index="3">
              <value>
                <![CDATA[raj]]>
              </value>
            </param>
            <param index="4">
              <value>
                <![CDATA[jithu666@gmail.com]]>
              </value>
            </param>
            <param index="5">
              <value>
                <![CDATA[ddsa]]>
              </value>
            </param>
            <param index="6">
              <value>
                <![CDATA[989509316]]>
              </value>
            </param>
          </params>
          <exception class="java.lang.AssertionError">
            <message>
              <![CDATA[expected [Welcome] but found [HTTP Status 500 – Internal Server Error]]]>
            </message>
            <full-stacktrace>
              <![CDATA[java.lang.AssertionError: expected [Welcome] but found [HTTP Status 500 – Internal Server Error]
	at org.testng.Assert.fail(Assert.java:93)
	at org.testng.Assert.failNotEquals(Assert.java:512)
	at org.testng.Assert.assertEqualsImpl(Assert.java:134)
	at org.testng.Assert.assertEquals(Assert.java:115)
	at org.testng.Assert.assertEquals(Assert.java:189)
	at org.testng.Assert.assertEquals(Assert.java:199)
	at com.htc.test.RegisterAutomation.testSuccessLoginLogout(RegisterAutomation.java:90)
	at sun.reflect.NativeMethodAccessorImpl.invoke0(Native Method)
	at sun.reflect.NativeMethodAccessorImpl.invoke(Unknown Source)
	at sun.reflect.DelegatingMethodAccessorImpl.invoke(Unknown Source)
	at java.lang.reflect.Method.invoke(Unknown Source)
	at org.testng.internal.MethodInvocationHelper.invokeMethod(MethodInvocationHelper.java:108)
	at org.testng.internal.Invoker.invokeMethod(Invoker.java:669)
	at org.testng.internal.Invoker.invokeTestMethod(Invoker.java:877)
	at org.testng.internal.Invoker.invokeTestMethods(Invoker.java:1201)
	at org.testng.internal.TestMethodWorker.invokeTestMethods(TestMethodWorker.java:125)
	at org.testng.internal.TestMethodWorker.run(TestMethodWorker.java:109)
	at org.testng.TestRunner.privateRun(TestRunner.java:776)
	at org.testng.TestRunner.run(TestRunner.java:634)
	at org.testng.SuiteRunner.runTest(SuiteRunner.java:425)
	at org.testng.SuiteRunner.runSequentially(SuiteRunner.java:420)
	at org.testng.SuiteRunner.privateRun(SuiteRunner.java:385)
	at org.testng.SuiteRunner.run(SuiteRunner.java:334)
	at org.testng.SuiteRunnerWorker.runSuite(SuiteRunnerWorker.java:52)
	at org.testng.SuiteRunnerWorker.run(SuiteRunnerWorker.java:86)
	at org.testng.TestNG.runSuitesSequentially(TestNG.java:1318)
	at org.testng.TestNG.runSuitesLocally(TestNG.java:1243)
	at org.testng.TestNG.runSuites(TestNG.java:1161)
	at org.testng.TestNG.run(TestNG.java:1129)
	at org.testng.remote.AbstractRemoteTestNG.run(AbstractRemoteTestNG.java:114)
	at org.testng.remote.RemoteTestNG.initAndRun(RemoteTestNG.java:251)
	at org.testng.remote.RemoteTestNG.main(RemoteTestNG.java:77)
]]>
            </full-stacktrace>
          </exception> <!-- java.lang.AssertionError -->
          <reporter-output>
          </reporter-output>
        </test-method> <!-- testSuccessLoginLogout -->
        <test-method status="FAIL" signature="testSuccessLoginLogout(java.lang.String, java.lang.String, java.lang.String, java.lang.String, java.lang.String, java.lang.String, int)[pri:0, instance:com.htc.test.RegisterAutomation@5f2108b5]" name="testSuccessLoginLogout" duration-ms="2401" started-at="2017-11-26T11:00:12Z" data-provider="registeruser" finished-at="2017-11-26T11:00:14Z">
          <params>
            <param index="0">
              <value>
                <![CDATA[sachin]]>
              </value>
            </param>
            <param index="1">
              <value>
                <![CDATA[password]]>
              </value>
            </param>
            <param index="2">
              <value>
                <![CDATA[Sachin]]>
              </value>
            </param>
            <param index="3">
              <value>
                <![CDATA[HH]]>
              </value>
            </param>
            <param index="4">
              <value>
                <![CDATA[sachin77@gmail.com]]>
              </value>
            </param>
            <param index="5">
              <value>
                <![CDATA[dsadd]]>
              </value>
            </param>
            <param index="6">
              <value>
                <![CDATA[898877697]]>
              </value>
            </param>
          </params>
          <exception class="java.lang.AssertionError">
            <message>
              <![CDATA[expected [Welcome] but found [HTTP Status 500 – Internal Server Error]]]>
            </message>
            <full-stacktrace>
              <![CDATA[java.lang.AssertionError: expected [Welcome] but found [HTTP Status 500 – Internal Server Error]
	at org.testng.Assert.fail(Assert.java:93)
	at org.testng.Assert.failNotEquals(Assert.java:512)
	at org.testng.Assert.assertEqualsImpl(Assert.java:134)
	at org.testng.Assert.assertEquals(Assert.java:115)
	at org.testng.Assert.assertEquals(Assert.java:189)
	at org.testng.Assert.assertEquals(Assert.java:199)
	at com.htc.test.RegisterAutomation.testSuccessLoginLogout(RegisterAutomation.java:90)
	at sun.reflect.NativeMethodAccessorImpl.invoke0(Native Method)
	at sun.reflect.NativeMethodAccessorImpl.invoke(Unknown Source)
	at sun.reflect.DelegatingMethodAccessorImpl.invoke(Unknown Source)
	at java.lang.reflect.Method.invoke(Unknown Source)
	at org.testng.internal.MethodInvocationHelper.invokeMethod(MethodInvocationHelper.java:108)
	at org.testng.internal.Invoker.invokeMethod(Invoker.java:669)
	at org.testng.internal.Invoker.invokeTestMethod(Invoker.java:877)
	at org.testng.internal.Invoker.invokeTestMethods(Invoker.java:1201)
	at org.testng.internal.TestMethodWorker.invokeTestMethods(TestMethodWorker.java:125)
	at org.testng.internal.TestMethodWorker.run(TestMethodWorker.java:109)
	at org.testng.TestRunner.privateRun(TestRunner.java:776)
	at org.testng.TestRunner.run(TestRunner.java:634)
	at org.testng.SuiteRunner.runTest(SuiteRunner.java:425)
	at org.testng.SuiteRunner.runSequentially(SuiteRunner.java:420)
	at org.testng.SuiteRunner.privateRun(SuiteRunner.java:385)
	at org.testng.SuiteRunner.run(SuiteRunner.java:334)
	at org.testng.SuiteRunnerWorker.runSuite(SuiteRunnerWorker.java:52)
	at org.testng.SuiteRunnerWorker.run(SuiteRunnerWorker.java:86)
	at org.testng.TestNG.runSuitesSequentially(TestNG.java:1318)
	at org.testng.TestNG.runSuitesLocally(TestNG.java:1243)
	at org.testng.TestNG.runSuites(TestNG.java:1161)
	at org.testng.TestNG.run(TestNG.java:1129)
	at org.testng.remote.AbstractRemoteTestNG.run(AbstractRemoteTestNG.java:114)
	at org.testng.remote.RemoteTestNG.initAndRun(RemoteTestNG.java:251)
	at org.testng.remote.RemoteTestNG.main(RemoteTestNG.java:77)
]]>
            </full-stacktrace>
          </exception> <!-- java.lang.AssertionError -->
          <reporter-output>
          </reporter-output>
        </test-method> <!-- testSuccessLoginLogout -->
        <test-method status="PASS" signature="closedriver()[pri:0, instance:com.htc.test.RegisterAutomation@5f2108b5]" name="closedriver" is-config="true" duration-ms="6" started-at="2017-11-26T11:00:14Z" finished-at="2017-11-26T11:00:14Z">
          <reporter-output>
          </reporter-output>
        </test-method> <!-- closedriver -->
      </class> <!-- com.htc.test.RegisterAutomation -->
    </test> <!-- testregistration -->
  </suite> <!-- Mavenspringmvc -->
</testng-results>
